2025-11-01 07:33:09,769 [INFO] 🚀 Starting Plex Poster Updater
2025-11-01 07:33:13,263 [INFO] 🔍 Scanning Transcoded TV Shows (48 items)...
2025-11-01 07:33:51,187 [INFO] ✅ Poster uploaded for 666 Park Avenue
2025-11-01 07:33:58,936 [INFO] ✅ Poster uploaded for 1000 Babies
2025-11-01 07:34:01,986 [INFO] ✅ Poster uploaded for 1899
2025-11-01 07:34:06,237 [INFO] ✅ Poster uploaded for Alien: Earth
2025-11-01 07:34:10,395 [INFO] ✅ Poster uploaded for Andhera
2025-11-01 07:34:14,702 [INFO] ✅ Poster uploaded for Arrow
2025-11-01 07:34:41,290 [INFO] ✅ Poster uploaded for Broken Arrow
2025-11-01 07:35:00,204 [INFO] ✅ Poster uploaded for Ash vs Evil Dead
2025-11-01 07:35:05,252 [INFO] ✅ Poster uploaded for Attack on Titan
2025-11-01 07:35:09,437 [INFO] ✅ Poster uploaded for Season 1
2025-11-01 07:35:19,680 [INFO] ✅ Poster uploaded for Season 2
2025-11-01 07:35:26,938 [INFO] ✅ Poster uploaded for Smoke Signal
2025-11-01 07:35:30,219 [INFO] ✅ Poster uploaded for Sin
2025-11-01 07:35:37,142 [INFO] ✅ Poster uploaded for The Attack Titan
2025-11-01 07:35:50,478 [INFO] ✅ Poster uploaded for Better Call Saul
2025-11-01 07:35:58,159 [INFO] ✅ Poster uploaded for Slip
2025-11-01 07:36:11,428 [INFO] ✅ Poster uploaded for Beyond
2025-11-01 07:36:16,385 [INFO] ✅ Poster uploaded for Into the Light
2025-11-01 07:36:17,732 [INFO] ✅ Poster uploaded for Breaking Bad
2025-11-01 07:36:19,309 [INFO] ✅ Poster uploaded for Cardcaptor Sakura
2025-11-01 07:36:48,351 [INFO] ✅ Poster uploaded for Sakura and the Clear Cards
2025-11-01 07:36:53,437 [INFO] ✅ Poster uploaded for The Day of the Jackal
2025-11-01 07:36:58,763 [INFO] ✅ Poster uploaded for Death Note
2025-11-01 07:37:14,384 [INFO] ✅ Poster uploaded for Demon Slayer: Kimetsu no Yaiba
2025-11-01 07:37:40,515 [INFO] ✅ Poster uploaded for Dexter: Original Sin
2025-11-01 07:37:43,594 [INFO] ✅ Poster uploaded for Dhootha
2025-11-01 07:37:47,736 [INFO] ✅ Poster uploaded for Dominion
2025-11-01 07:37:57,353 [INFO] ✅ Poster uploaded for Dragon Ball Z
2025-11-01 07:39:52,776 [INFO] ✅ Poster uploaded for Fantastic Four
2025-11-01 07:40:04,312 [INFO] ✅ Poster uploaded for FROM
2025-11-01 07:40:10,543 [INFO] ✅ Poster uploaded for Ghost Adventures
2025-11-01 07:40:14,639 [INFO] ✅ Poster uploaded for Haven
2025-11-01 07:40:20,408 [INFO] ✅ Poster uploaded for Heroes
2025-11-01 07:40:26,509 [INFO] ✅ Poster uploaded for Run!
2025-11-01 07:40:28,084 [INFO] ✅ Poster uploaded for Unexpected
2025-11-01 07:40:39,028 [INFO] ✅ Poster uploaded for Villains
2025-11-01 07:40:40,575 [INFO] ✅ Poster uploaded for It's Coming
2025-11-01 07:40:44,704 [INFO] ✅ Poster uploaded for Cold Wars
2025-11-01 07:40:48,913 [INFO] ✅ Poster uploaded for Season 4
2025-11-01 07:40:54,998 [INFO] ✅ Poster uploaded for Close to You
2025-11-01 07:40:57,753 [INFO] ✅ Poster uploaded for Heroes Reborn
2025-11-01 07:41:02,526 [INFO] ✅ Poster uploaded for High School of the Dead
2025-11-01 07:41:08,214 [INFO] ✅ Poster uploaded for KochiKame
2025-11-01 07:41:29,209 [INFO] ✅ Poster uploaded for Marvel's Inhumans
2025-11-01 07:41:33,414 [INFO] ✅ Poster uploaded for Marvel's Luke Cage
2025-11-01 07:41:39,586 [INFO] ✅ Poster uploaded for My Hero Academia
2025-11-01 07:41:50,142 [INFO] ✅ Poster uploaded for Ninja Kamui
2025-11-01 07:41:56,364 [INFO] ✅ Poster uploaded for The Penguin
2025-11-01 07:41:57,898 [INFO] ✅ Poster uploaded for Ranneeti: Balakot & Beyond
2025-11-01 07:42:03,751 [INFO] ✅ Poster uploaded for Rick and Morty
2025-11-01 07:42:34,274 [INFO] ✅ Poster uploaded for Rocket Boys
2025-11-01 07:42:41,980 [INFO] ✅ Poster uploaded for Second Chance (2016)
2025-11-01 07:42:44,335 [INFO] ✅ Poster uploaded for Secret Invasion
2025-11-01 07:42:47,864 [INFO] ✅ Poster uploaded for She-Hulk: Attorney at Law
2025-11-01 07:42:52,432 [INFO] ✅ Poster uploaded for Silverpoint
2025-11-01 07:43:03,860 [INFO] ✅ Poster uploaded for Static Shock
2025-11-01 07:43:26,204 [INFO] ✅ Poster uploaded for Street Fighter
2025-11-01 07:43:48,560 [INFO] ✅ Poster uploaded for Supergirl
2025-11-01 07:43:50,598 [INFO] ✅ Poster uploaded for SurrealEstate
2025-11-01 07:43:55,692 [INFO] ✅ Poster uploaded for Twelve
2025-11-01 07:43:59,954 [INFO] ✅ Poster uploaded for Wayward Pines
2025-11-01 07:44:05,053 [INFO] ✅ Poster uploaded for Wolverine
2025-11-01 07:44:10,849 [INFO] ✅ Poster uploaded for X-Men
2025-11-01 07:44:33,968 [INFO] 📊 Summary: {'Show Posters Missing': np.int64(47), 'Seasons Missing Poster': np.int64(3), 'Episodes Missing Poster': np.int64(13)}
2025-11-01 07:44:33,968 [INFO] 📁 Detailed log saved: poster_update_logs\plex_poster_updater_20251101_073309.log
2025-11-01 07:44:33,968 [INFO] 📈 Summary CSV saved: poster_update_logs\poster_update_summary_20251101_074433.csv
2025-11-01 07:44:33,968 [INFO] 🎉 Done!
